<?xml version="1.0" encoding="utf-8"?><testsuites name="pytest tests"><testsuite name="pytest" errors="0" failures="0" skipped="0" tests="13" time="4.844" timestamp="2026-09-05T11:25:26.292903+00:00" hostname="agent-env-4c0a3e3a-5dbe-43a0-84ae-be8463463746"><testcase classname="tests.backend_smoke_test" name="test_login_cashier" time="0.365" /><testcase classname="tests.backend_smoke_test" name="test_login_invalid" time="0.334" /><testcase classname="tests.backend_smoke_test" name="test_auth_me" time="0.372" /><testcase classname="tests.backend_smoke_test" name="test_subscription_owner" time="0.374" /><testcase classname="tests.backend_smoke_test" name="test_subscription_features" time="0.368" /><testcase classname="tests.backend_smoke_test" name="test_pos_catalog" time="0.411" /><testcase classname="tests.backend_smoke_test" name="test_dashboard_owner" time="0.373" /><testcase classname="tests.backend_smoke_test" name="test_platform_tenants" time="0.383" /><testcase classname="tests.backend_smoke_test" name="test_platform_plans" time="0.395" /><testcase classname="tests.backend_smoke_test" name="test_cashier_forbidden_platform" time="0.401" /><testcase classname="tests.backend_smoke_test" name="test_manifest_served" time="0.104" /><testcase classname="tests.backend_smoke_test" name="test_sw_served" time="0.138" /><testcase classname="tests.backend_smoke_test" name="test_orders_txn_format" time="0.362" /></testsuite></testsuites>